<?xml version="1.0" encoding="UTF-8"?>
<testng-results ignored="0" total="1" passed="1" failed="0" skipped="0">
  <reporter-output>
  </reporter-output>
  <suite started-at="2026-05-22T16:11:13 IST" name="Default suite" finished-at="2026-05-22T16:11:33 IST" duration-ms="20391">
    <groups>
    </groups>
    <test started-at="2026-05-22T16:11:13 IST" name="Default test" finished-at="2026-05-22T16:11:33 IST" duration-ms="20391">
      <class name="Adv_Selenium.RedBus">
        <test-method signature="redBus()[pri:0, instance:Adv_Selenium.RedBus@2f9f7dcf]" started-at="2026-05-22T16:11:13 IST" name="redBus" finished-at="2026-05-22T16:11:33 IST" duration-ms="20276" status="PASS">
          <reporter-output>
          </reporter-output>
        </test-method> <!-- redBus -->
      </class> <!-- Adv_Selenium.RedBus -->
    </test> <!-- Default test -->
  </suite> <!-- Default suite -->
</testng-results>
